2024-Jan-31 19:09:14 [main] INFO  c.p.a.AgencijaBackApplication                      - Starting AgencijaBackApplication on DESKTOP-3K6987P with PID 11676 (C:\Users\Ivana\Desktop\SEP\agency\agency\target\classes started by Ivana in C:\Users\Ivana\Desktop\SEP\agency\agency)
2024-Jan-31 19:09:14 [main] INFO  c.p.a.AgencijaBackApplication                      - No active profile set, falling back to default profiles: default
2024-Jan-31 19:09:15 [main] INFO  o.s.d.r.c.RepositoryConfigurationDelegate          - Bootstrapping Spring Data JPA repositories in DEFERRED mode.
2024-Jan-31 19:09:15 [main] INFO  o.s.d.r.c.RepositoryConfigurationDelegate          - Finished Spring Data repository scanning in 57ms. Found 3 JPA repository interfaces.
2024-Jan-31 19:09:15 [main] INFO  o.s.b.w.e.t.TomcatWebServer                        - Tomcat initialized with port(s): 8085 (http)
2024-Jan-31 19:09:15 [main] INFO  o.a.c.h.Http11NioProtocol                          - Initializing ProtocolHandler ["http-nio-8085"]
2024-Jan-31 19:09:15 [main] INFO  o.a.c.c.StandardService                            - Starting service [Tomcat]
2024-Jan-31 19:09:15 [main] INFO  o.a.c.c.StandardEngine                             - Starting Servlet engine: [Apache Tomcat/9.0.35]
2024-Jan-31 19:09:16 [main] INFO  o.a.c.c.C.[.[.[/]                                  - Initializing Spring embedded WebApplicationContext
2024-Jan-31 19:09:16 [main] INFO  o.s.w.c.ContextLoader                              - Root WebApplicationContext: initialization completed in 1622 ms
2024-Jan-31 19:09:16 [main] INFO  o.s.s.c.ThreadPoolTaskExecutor                     - Initializing ExecutorService 'applicationTaskExecutor'
2024-Jan-31 19:09:16 [task-1] INFO  o.h.j.i.u.LogHelper                                - HHH000204: Processing PersistenceUnitInfo [name: default]
2024-Jan-31 19:09:16 [main] WARN  o.s.b.a.o.j.JpaBaseConfiguration$JpaWebConfiguration - spring.jpa.open-in-view is enabled by default. Therefore, database queries may be performed during view rendering. Explicitly configure spring.jpa.open-in-view to disable this warning
2024-Jan-31 19:09:16 [task-1] INFO  o.h.Version                                        - HHH000412: Hibernate ORM core version 5.4.15.Final
2024-Jan-31 19:09:16 [task-1] INFO  o.h.a.c.Version                                    - HCANN000001: Hibernate Commons Annotations {5.1.0.Final}
2024-Jan-31 19:09:16 [task-1] INFO  c.z.h.HikariDataSource                             - HikariPool-1 - Starting...
2024-Jan-31 19:09:16 [task-1] INFO  c.z.h.HikariDataSource                             - HikariPool-1 - Start completed.
2024-Jan-31 19:09:16 [task-1] INFO  o.h.d.Dialect                                      - HHH000400: Using dialect: org.hibernate.dialect.PostgreSQL95Dialect
2024-Jan-31 19:09:17 [task-1] WARN  o.h.e.j.s.SqlExceptionHelper                       - SQL Warning Code: 0, SQLState: 00000
2024-Jan-31 19:09:17 [task-1] WARN  o.h.e.j.s.SqlExceptionHelper                       - relation "user_role" does not exist, skipping
2024-Jan-31 19:09:17 [task-1] WARN  o.h.e.j.s.SqlExceptionHelper                       - SQL Warning Code: 0, SQLState: 00000
2024-Jan-31 19:09:17 [task-1] WARN  o.h.e.j.s.SqlExceptionHelper                       - relation "user_role" does not exist, skipping
2024-Jan-31 19:09:17 [task-1] WARN  o.h.e.j.s.SqlExceptionHelper                       - SQL Warning Code: 0, SQLState: 00000
2024-Jan-31 19:09:17 [task-1] WARN  o.h.e.j.s.SqlExceptionHelper                       - table "clients" does not exist, skipping
2024-Jan-31 19:09:17 [task-1] WARN  o.h.e.j.s.SqlExceptionHelper                       - SQL Warning Code: 0, SQLState: 00000
2024-Jan-31 19:09:17 [task-1] WARN  o.h.e.j.s.SqlExceptionHelper                       - table "roles" does not exist, skipping
2024-Jan-31 19:09:17 [task-1] WARN  o.h.e.j.s.SqlExceptionHelper                       - SQL Warning Code: 0, SQLState: 00000
2024-Jan-31 19:09:17 [task-1] WARN  o.h.e.j.s.SqlExceptionHelper                       - table "transactions" does not exist, skipping
2024-Jan-31 19:09:17 [task-1] WARN  o.h.e.j.s.SqlExceptionHelper                       - SQL Warning Code: 0, SQLState: 00000
2024-Jan-31 19:09:17 [task-1] WARN  o.h.e.j.s.SqlExceptionHelper                       - table "user_role" does not exist, skipping
2024-Jan-31 19:09:17 [task-1] INFO  o.h.e.t.j.p.i.JtaPlatformInitiator                 - HHH000490: Using JtaPlatform implementation: [org.hibernate.engine.transaction.jta.platform.internal.NoJtaPlatform]
2024-Jan-31 19:09:17 [task-1] INFO  o.s.o.j.LocalContainerEntityManagerFactoryBean     - Initialized JPA EntityManagerFactory for persistence unit 'default'
2024-Jan-31 19:09:18 [main] INFO  o.s.s.w.DefaultSecurityFilterChain                 - Creating filter chain: Ant [pattern='/api/auth/**', POST], []
2024-Jan-31 19:09:18 [main] INFO  o.s.s.w.DefaultSecurityFilterChain                 - Creating filter chain: Ant [pattern='/', GET], []
2024-Jan-31 19:09:18 [main] INFO  o.s.s.w.DefaultSecurityFilterChain                 - Creating filter chain: Ant [pattern='/webjars/**', GET], []
2024-Jan-31 19:09:18 [main] INFO  o.s.s.w.DefaultSecurityFilterChain                 - Creating filter chain: Ant [pattern='/*.html', GET], []
2024-Jan-31 19:09:18 [main] INFO  o.s.s.w.DefaultSecurityFilterChain                 - Creating filter chain: Ant [pattern='favicon.ico', GET], []
2024-Jan-31 19:09:18 [main] INFO  o.s.s.w.DefaultSecurityFilterChain                 - Creating filter chain: Ant [pattern='/**/*.html', GET], []
2024-Jan-31 19:09:18 [main] INFO  o.s.s.w.DefaultSecurityFilterChain                 - Creating filter chain: Ant [pattern='/**/*.css', GET], []
2024-Jan-31 19:09:18 [main] INFO  o.s.s.w.DefaultSecurityFilterChain                 - Creating filter chain: Ant [pattern='/**/*.js', GET], []
2024-Jan-31 19:09:18 [main] INFO  o.s.s.w.DefaultSecurityFilterChain                 - Creating filter chain: any request, [org.springframework.security.web.context.request.async.WebAsyncManagerIntegrationFilter@18ac4af6, org.springframework.security.web.context.SecurityContextPersistenceFilter@57a982f9, org.springframework.security.web.header.HeaderWriterFilter@2cc61b3b, org.springframework.web.filter.CorsFilter@117fb9ba, org.springframework.security.web.authentication.logout.LogoutFilter@3ec7ad61, com.project.agencija.security.TokenAuthenticationFilter@2b1d1a5, org.springframework.security.web.savedrequest.RequestCacheAwareFilter@19e801b5, org.springframework.security.web.servletapi.SecurityContextHolderAwareRequestFilter@3359c3f6, org.springframework.security.web.authentication.AnonymousAuthenticationFilter@41e7a544, org.springframework.security.web.session.SessionManagementFilter@1b632442, org.springframework.security.web.access.ExceptionTranslationFilter@1ae9d0e4, org.springframework.security.web.access.intercept.FilterSecurityInterceptor@7f77e065]
2024-Jan-31 19:09:18 [main] INFO  o.a.c.h.Http11NioProtocol                          - Starting ProtocolHandler ["http-nio-8085"]
2024-Jan-31 19:09:18 [main] INFO  o.s.b.w.e.t.TomcatWebServer                        - Tomcat started on port(s): 8085 (http) with context path ''
2024-Jan-31 19:09:18 [main] INFO  o.s.d.r.c.DeferredRepositoryInitializationListener - Triggering deferred initialization of Spring Data repositories…
2024-Jan-31 19:09:18 [main] INFO  o.s.d.r.c.DeferredRepositoryInitializationListener - Spring Data repositories initialized!
2024-Jan-31 19:09:18 [main] INFO  c.p.a.AgencijaBackApplication                      - Started AgencijaBackApplication in 4.851 seconds (JVM running for 5.685)
2024-Jan-31 19:09:18 [SpringContextShutdownHook] INFO  o.s.o.j.LocalContainerEntityManagerFactoryBean     - Closing JPA EntityManagerFactory for persistence unit 'default'
2024-Jan-31 19:09:18 [SpringContextShutdownHook] INFO  o.h.t.s.i.SchemaDropperImpl$DelayedDropActionImpl  - HHH000477: Starting delayed evictData of schema as part of SessionFactory shut-down'
2024-Jan-31 19:09:18 [SpringContextShutdownHook] INFO  o.s.s.c.ThreadPoolTaskExecutor                     - Shutting down ExecutorService 'applicationTaskExecutor'
2024-Jan-31 19:09:18 [SpringContextShutdownHook] INFO  c.z.h.HikariDataSource                             - HikariPool-1 - Shutdown initiated...
2024-Jan-31 19:09:18 [SpringContextShutdownHook] INFO  c.z.h.HikariDataSource                             - HikariPool-1 - Shutdown completed.
